[ 20%] [32mBuilding CXX object CMakeFiles/talker.dir/src/talker.cpp.o[0m
[ 20%] [32mBuilding CXX object CMakeFiles/wait_set_topics_and_timer.dir/src/wait_set_topics_and_timer.cpp.o[0m
[ 20%] [32mBuilding CXX object CMakeFiles/static_wait_set.dir/src/static_wait_set.cpp.o[0m
[ 20%] [32mBuilding CXX object CMakeFiles/thread_safe_wait_set.dir/src/thread_safe_wait_set.cpp.o[0m
[ 25%] [32mBuilding CXX object CMakeFiles/wait_set_random_order.dir/src/wait_set_random_order.cpp.o[0m
[ 29%] [32mBuilding CXX object CMakeFiles/wait_set_listener.dir/rclcpp_components/node_main_wait_set_listener.cpp.o[0m
[ 33%] [32mBuilding CXX object CMakeFiles/wait_set_topics_with_different_rates.dir/src/wait_set_topics_with_different_rates.cpp.o[0m
[ 37%] [32mBuilding CXX object CMakeFiles/executor_random_order.dir/src/executor_random_order.cpp.o[0m
[ 37%] [32mBuilding CXX object CMakeFiles/wait_set_talker.dir/rclcpp_components/node_main_wait_set_talker.cpp.o[0m
[ 41%] [32mBuilding CXX object CMakeFiles/listener.dir/src/listener.cpp.o[0m
[ 45%] [32mBuilding CXX object CMakeFiles/wait_set.dir/src/wait_set.cpp.o[0m
[ 50%] [32m[1mLinking CXX executable wait_set_listener[0m
[ 54%] [32m[1mLinking CXX executable wait_set_talker[0m
[ 54%] Built target wait_set_listener
[ 54%] Built target wait_set_talker
[ 58%] [32m[1mLinking CXX shared library libtalker.so[0m
[ 58%] Built target talker
[ 62%] [32m[1mLinking CXX executable wait_set_topics_with_different_rates[0m
[ 62%] Built target wait_set_topics_with_different_rates
[ 66%] [32m[1mLinking CXX executable wait_set_topics_and_timer[0m
[ 70%] [32m[1mLinking CXX executable thread_safe_wait_set[0m
[ 70%] Built target wait_set_topics_and_timer
[ 70%] Built target thread_safe_wait_set
[ 75%] [32m[1mLinking CXX executable wait_set[0m
[ 79%] [32m[1mLinking CXX executable static_wait_set[0m
[ 83%] [32m[1mLinking CXX executable executor_random_order[0m
[ 83%] Built target wait_set
[ 83%] Built target static_wait_set
[ 83%] Built target executor_random_order
[ 87%] [32m[1mLinking CXX shared library liblistener.so[0m
[ 91%] [32m[1mLinking CXX executable wait_set_random_order[0m
[ 91%] Built target listener
[ 95%] [32mBuilding CXX object CMakeFiles/wait_set_composed.dir/src/wait_set_composed.cpp.o[0m
[ 95%] Built target wait_set_random_order
[100%] [32m[1mLinking CXX executable wait_set_composed[0m
[100%] Built target wait_set_composed
