[0.029s] Invoking command in '/home/richu/colcon_ws/build/examples_rclcpp_minimal_action_server': CMAKE_PREFIX_PATH=${CMAKE_PREFIX_PATH}:/opt/ros/jazzy DEBUGINFOD_URLS=https://debuginfod.ubuntu.com /usr/bin/cmake /home/richu/colcon_ws/src/examples/rclcpp/actions/minimal_action_server -DAMENT_CMAKE_SYMLINK_INSTALL=1 -DCMAKE_INSTALL_PREFIX=/home/richu/colcon_ws/install/examples_rclcpp_minimal_action_server
[0.236s] -- The C compiler identification is GNU 13.2.0
[0.408s] -- The CXX compiler identification is GNU 13.2.0
[0.428s] -- Detecting C compiler ABI info
[0.581s] -- Detecting C compiler ABI info - done
[0.591s] -- Check for working C compiler: /usr/bin/cc - skipped
[0.592s] -- Detecting C compile features
[0.593s] -- Detecting C compile features - done
[0.604s] -- Detecting CXX compiler ABI info
[0.772s] -- Detecting CXX compiler ABI info - done
[0.782s] -- Check for working CXX compiler: /usr/bin/c++ - skipped
[0.783s] -- Detecting CXX compile features
[0.783s] -- Detecting CXX compile features - done
[0.787s] -- Found ament_cmake: 2.5.0 (/opt/ros/jazzy/share/ament_cmake/cmake)
[0.993s] -- Found Python3: /usr/bin/python3 (found version "3.12.3") found components: Interpreter 
[1.145s] -- Override CMake install command with custom implementation using symlinks instead of copying resources
[1.179s] -- Found example_interfaces: 0.12.0 (/opt/ros/jazzy/share/example_interfaces/cmake)
[1.232s] -- Found rosidl_generator_c: 4.6.2 (/opt/ros/jazzy/share/rosidl_generator_c/cmake)
[1.251s] -- Found rosidl_generator_cpp: 4.6.2 (/opt/ros/jazzy/share/rosidl_generator_cpp/cmake)
[1.277s] -- Using all available rosidl_typesupport_c: rosidl_typesupport_fastrtps_c;rosidl_typesupport_introspection_c
[1.303s] -- Using all available rosidl_typesupport_cpp: rosidl_typesupport_fastrtps_cpp;rosidl_typesupport_introspection_cpp
[1.437s] -- Found rclcpp: 28.1.2 (/opt/ros/jazzy/share/rclcpp/cmake)
[1.503s] -- Found rmw_implementation_cmake: 7.3.1 (/opt/ros/jazzy/share/rmw_implementation_cmake/cmake)
[1.507s] -- Found rmw_fastrtps_cpp: 8.4.0 (/opt/ros/jazzy/share/rmw_fastrtps_cpp/cmake)
[1.616s] -- Found OpenSSL: /usr/lib/x86_64-linux-gnu/libcrypto.so (found version "3.0.13")  
[1.640s] -- Found FastRTPS: /opt/ros/jazzy/include (Required is at least version "2.13") 
[1.670s] -- Using RMW implementation 'rmw_fastrtps_cpp' as default
[1.769s] -- Found rclcpp_action: 28.1.2 (/opt/ros/jazzy/share/rclcpp_action/cmake)
[1.799s] -- Found ament_lint_auto: 0.17.0 (/opt/ros/jazzy/share/ament_lint_auto/cmake)
[1.981s] -- Added test 'copyright' to check source files copyright and LICENSE
[1.983s] -- Added test 'cppcheck' to perform static code analysis on C / C++ code
[1.983s] -- Configured cppcheck include dirs: 
[1.983s] -- Configured cppcheck exclude dirs and/or files: 
[1.984s] -- Added test 'cpplint' to check C / C++ code against the Google style
[1.984s] -- Configured cpplint exclude dirs and/or files: 
[1.997s] -- Added test 'lint_cmake' to check CMake code style
[1.997s] -- Added test 'uncrustify' to check C / C++ code style
[1.997s] -- Configured uncrustify additional arguments: 
[1.997s] -- Added test 'xmllint' to check XML markup files
[2.002s] -- Configuring done (1.9s)
[2.016s] -- Generating done (0.0s)
[2.019s] -- Build files have been written to: /home/richu/colcon_ws/build/examples_rclcpp_minimal_action_server
[2.047s] Invoked command in '/home/richu/colcon_ws/build/examples_rclcpp_minimal_action_server' returned '0': CMAKE_PREFIX_PATH=${CMAKE_PREFIX_PATH}:/opt/ros/jazzy DEBUGINFOD_URLS=https://debuginfod.ubuntu.com /usr/bin/cmake /home/richu/colcon_ws/src/examples/rclcpp/actions/minimal_action_server -DAMENT_CMAKE_SYMLINK_INSTALL=1 -DCMAKE_INSTALL_PREFIX=/home/richu/colcon_ws/install/examples_rclcpp_minimal_action_server
[2.057s] Invoking command in '/home/richu/colcon_ws/build/examples_rclcpp_minimal_action_server': CMAKE_PREFIX_PATH=${CMAKE_PREFIX_PATH}:/opt/ros/jazzy DEBUGINFOD_URLS=https://debuginfod.ubuntu.com /usr/bin/cmake --build /home/richu/colcon_ws/build/examples_rclcpp_minimal_action_server -- -j12 -l12
[2.176s] [ 25%] [32mBuilding CXX object CMakeFiles/action_server_not_composable.dir/not_composable.cpp.o[0m
[2.177s] [ 50%] [32mBuilding CXX object CMakeFiles/action_server_member_functions.dir/member_functions.cpp.o[0m
