[0.022s] Invoking command in '/home/richu/colcon_ws/build/examples_rclcpp_wait_set': CMAKE_PREFIX_PATH=${CMAKE_PREFIX_PATH}:/opt/ros/jazzy DEBUGINFOD_URLS=https://debuginfod.ubuntu.com /usr/bin/cmake /home/richu/colcon_ws/src/examples/rclcpp/wait_set -DAMENT_CMAKE_SYMLINK_INSTALL=1 -DCMAKE_INSTALL_PREFIX=/home/richu/colcon_ws/install/examples_rclcpp_wait_set
[1.979s] -- The C compiler identification is GNU 13.2.0
[1.979s] -- The CXX compiler identification is GNU 13.2.0
[1.979s] -- Detecting C compiler ABI info
[1.979s] -- Detecting C compiler ABI info - done
[1.979s] -- Check for working C compiler: /usr/bin/cc - skipped
[1.979s] -- Detecting C compile features
[1.979s] -- Detecting C compile features - done
[1.979s] -- Detecting CXX compiler ABI info
[1.979s] -- Detecting CXX compiler ABI info - done
[1.980s] -- Check for working CXX compiler: /usr/bin/c++ - skipped
[1.980s] -- Detecting CXX compile features
[1.980s] -- Detecting CXX compile features - done
[1.980s] -- Found ament_cmake: 2.5.0 (/opt/ros/jazzy/share/ament_cmake/cmake)
[1.980s] -- Found Python3: /usr/bin/python3 (found version "3.12.3") found components: Interpreter 
[1.980s] -- Override CMake install command with custom implementation using symlinks instead of copying resources
[1.980s] -- Found example_interfaces: 0.12.0 (/opt/ros/jazzy/share/example_interfaces/cmake)
[1.980s] -- Found rosidl_generator_c: 4.6.2 (/opt/ros/jazzy/share/rosidl_generator_c/cmake)
[1.980s] -- Found rosidl_generator_cpp: 4.6.2 (/opt/ros/jazzy/share/rosidl_generator_cpp/cmake)
[1.980s] -- Using all available rosidl_typesupport_c: rosidl_typesupport_fastrtps_c;rosidl_typesupport_introspection_c
[1.980s] -- Using all available rosidl_typesupport_cpp: rosidl_typesupport_fastrtps_cpp;rosidl_typesupport_introspection_cpp
[1.981s] -- Found rclcpp: 28.1.2 (/opt/ros/jazzy/share/rclcpp/cmake)
[1.981s] -- Found rmw_implementation_cmake: 7.3.1 (/opt/ros/jazzy/share/rmw_implementation_cmake/cmake)
[1.981s] -- Found rmw_fastrtps_cpp: 8.4.0 (/opt/ros/jazzy/share/rmw_fastrtps_cpp/cmake)
[1.981s] -- Found OpenSSL: /usr/lib/x86_64-linux-gnu/libcrypto.so (found version "3.0.13")  
[1.981s] -- Found FastRTPS: /opt/ros/jazzy/include (Required is at least version "2.13") 
[1.981s] -- Using RMW implementation 'rmw_fastrtps_cpp' as default
[1.981s] -- Found rclcpp_components: 28.1.2 (/opt/ros/jazzy/share/rclcpp_components/cmake)
[1.981s] -- Found std_msgs: 5.3.5 (/opt/ros/jazzy/share/std_msgs/cmake)
[1.981s] -- Found ament_lint_auto: 0.17.0 (/opt/ros/jazzy/share/ament_lint_auto/cmake)
[2.018s] -- Added test 'copyright' to check source files copyright and LICENSE
[2.022s] -- Added test 'cppcheck' to perform static code analysis on C / C++ code
[2.024s] -- Configured cppcheck include dirs: /home/richu/colcon_ws/src/examples/rclcpp/wait_set/include
[2.024s] -- Configured cppcheck exclude dirs and/or files: 
[2.026s] -- Added test 'cpplint' to check C / C++ code against the Google style
[2.026s] -- Configured cpplint exclude dirs and/or files: 
[2.040s] -- Added test 'lint_cmake' to check CMake code style
[2.040s] -- Added test 'uncrustify' to check C / C++ code style
[2.040s] -- Configured uncrustify additional arguments: 
[2.040s] -- Added test 'xmllint' to check XML markup files
[2.043s] -- Configuring done (2.0s)
[2.133s] -- Generating done (0.1s)
[2.141s] -- Build files have been written to: /home/richu/colcon_ws/build/examples_rclcpp_wait_set
[2.158s] Invoked command in '/home/richu/colcon_ws/build/examples_rclcpp_wait_set' returned '0': CMAKE_PREFIX_PATH=${CMAKE_PREFIX_PATH}:/opt/ros/jazzy DEBUGINFOD_URLS=https://debuginfod.ubuntu.com /usr/bin/cmake /home/richu/colcon_ws/src/examples/rclcpp/wait_set -DAMENT_CMAKE_SYMLINK_INSTALL=1 -DCMAKE_INSTALL_PREFIX=/home/richu/colcon_ws/install/examples_rclcpp_wait_set
[2.162s] Invoking command in '/home/richu/colcon_ws/build/examples_rclcpp_wait_set': CMAKE_PREFIX_PATH=${CMAKE_PREFIX_PATH}:/opt/ros/jazzy DEBUGINFOD_URLS=https://debuginfod.ubuntu.com /usr/bin/cmake --build /home/richu/colcon_ws/build/examples_rclcpp_wait_set -- -j12 -l12
