[0.011s] Invoking command in '/home/richu/colcon_ws/build/examples_rclcpp_async_client': CMAKE_PREFIX_PATH=${CMAKE_PREFIX_PATH}:/opt/ros/jazzy DEBUGINFOD_URLS=https://debuginfod.ubuntu.com /usr/bin/cmake --build /home/richu/colcon_ws/build/examples_rclcpp_async_client -- -j12 -l12
[0.096s] [ 50%] [32mBuilding CXX object CMakeFiles/client_main.dir/main.cpp.o[0m
[4.601s] [100%] [32m[1mLinking CXX executable client_main[0m
[4.799s] [100%] Built target client_main
[4.811s] Invoked command in '/home/richu/colcon_ws/build/examples_rclcpp_async_client' returned '0': CMAKE_PREFIX_PATH=${CMAKE_PREFIX_PATH}:/opt/ros/jazzy DEBUGINFOD_URLS=https://debuginfod.ubuntu.com /usr/bin/cmake --build /home/richu/colcon_ws/build/examples_rclcpp_async_client -- -j12 -l12
[4.842s] Invoking command in '/home/richu/colcon_ws/build/examples_rclcpp_async_client': CMAKE_PREFIX_PATH=${CMAKE_PREFIX_PATH}:/opt/ros/jazzy DEBUGINFOD_URLS=https://debuginfod.ubuntu.com /usr/bin/cmake --install /home/richu/colcon_ws/build/examples_rclcpp_async_client
[4.850s] -- Install configuration: ""
[4.851s] -- Execute custom install script
[4.851s] -- Symlinking: /home/richu/colcon_ws/install/examples_rclcpp_async_client/lib/examples_rclcpp_async_client/client_main
[4.860s] -- Symlinking: /home/richu/colcon_ws/install/examples_rclcpp_async_client/share/ament_index/resource_index/package_run_dependencies/examples_rclcpp_async_client
[4.869s] -- Symlinking: /home/richu/colcon_ws/install/examples_rclcpp_async_client/share/ament_index/resource_index/parent_prefix_path/examples_rclcpp_async_client
[4.878s] -- Symlinking: /home/richu/colcon_ws/install/examples_rclcpp_async_client/share/examples_rclcpp_async_client/environment/ament_prefix_path.sh
[4.887s] -- Symlinking: /home/richu/colcon_ws/install/examples_rclcpp_async_client/share/examples_rclcpp_async_client/environment/ament_prefix_path.dsv
[4.896s] -- Symlinking: /home/richu/colcon_ws/install/examples_rclcpp_async_client/share/examples_rclcpp_async_client/environment/path.sh
[4.905s] -- Symlinking: /home/richu/colcon_ws/install/examples_rclcpp_async_client/share/examples_rclcpp_async_client/environment/path.dsv
[4.914s] -- Symlinking: /home/richu/colcon_ws/install/examples_rclcpp_async_client/share/examples_rclcpp_async_client/local_setup.bash
[4.923s] -- Symlinking: /home/richu/colcon_ws/install/examples_rclcpp_async_client/share/examples_rclcpp_async_client/local_setup.sh
[4.933s] -- Symlinking: /home/richu/colcon_ws/install/examples_rclcpp_async_client/share/examples_rclcpp_async_client/local_setup.zsh
[4.943s] -- Symlinking: /home/richu/colcon_ws/install/examples_rclcpp_async_client/share/examples_rclcpp_async_client/local_setup.dsv
[4.952s] -- Symlinking: /home/richu/colcon_ws/install/examples_rclcpp_async_client/share/examples_rclcpp_async_client/package.dsv
[4.961s] -- Symlinking: /home/richu/colcon_ws/install/examples_rclcpp_async_client/share/ament_index/resource_index/packages/examples_rclcpp_async_client
[4.970s] -- Symlinking: /home/richu/colcon_ws/install/examples_rclcpp_async_client/share/examples_rclcpp_async_client/cmake/examples_rclcpp_async_clientConfig.cmake
[4.979s] -- Symlinking: /home/richu/colcon_ws/install/examples_rclcpp_async_client/share/examples_rclcpp_async_client/cmake/examples_rclcpp_async_clientConfig-version.cmake
[4.988s] -- Symlinking: /home/richu/colcon_ws/install/examples_rclcpp_async_client/share/examples_rclcpp_async_client/package.xml
[4.999s] Invoked command in '/home/richu/colcon_ws/build/examples_rclcpp_async_client' returned '0': CMAKE_PREFIX_PATH=${CMAKE_PREFIX_PATH}:/opt/ros/jazzy DEBUGINFOD_URLS=https://debuginfod.ubuntu.com /usr/bin/cmake --install /home/richu/colcon_ws/build/examples_rclcpp_async_client
