[0.709s] Invoking command in '/home/richu/colcon_ws/build/examples_rclpy_guard_conditions': DEBUGINFOD_URLS=https://debuginfod.ubuntu.com PS1=(mavenv) \[\e]0;\u@\h: \w\a\]${debian_chroot:+($debian_chroot)}\[\033[01;32m\]\u@\h\[\033[00m\]:\[\033[01;34m\]\w\[\033[00m\]\$ PYTHONPATH=/home/richu/colcon_ws/build/examples_rclpy_guard_conditions/prefix_override:/home/richu/colcon_ws/install/examples_rclpy_guard_conditions/lib/python3.12/site-packages:${PYTHONPATH} VIRTUAL_ENV_PROMPT=(mavenv) /home/richu/mavenv/bin/python3 -W ignore:setup.py install is deprecated setup.py develop --editable --build-directory /home/richu/colcon_ws/build/examples_rclpy_guard_conditions/build --no-deps symlink_data
[0.927s] running develop
[0.927s] /home/richu/mavenv/lib/python3.12/site-packages/setuptools/command/develop.py:42: EasyInstallDeprecationWarning: easy_install command is deprecated.
[0.927s] !!
[0.927s] 
[0.927s]         ********************************************************************************
[0.927s]         Please avoid running ``setup.py`` and ``easy_install``.
[0.927s]         Instead, use pypa/build, pypa/installer or other
[0.927s]         standards-based tools.
[0.927s] 
[0.928s]         See https://github.com/pypa/setuptools/issues/917 for details.
[0.928s]         ********************************************************************************
[0.928s] 
[0.928s] !!
[0.928s]   easy_install.initialize_options(self)
[1.035s] running egg_info
[1.035s] creating examples_rclpy_guard_conditions.egg-info
[1.046s] writing examples_rclpy_guard_conditions.egg-info/PKG-INFO
[1.047s] writing dependency_links to examples_rclpy_guard_conditions.egg-info/dependency_links.txt
[1.047s] writing entry points to examples_rclpy_guard_conditions.egg-info/entry_points.txt
[1.047s] writing requirements to examples_rclpy_guard_conditions.egg-info/requires.txt
[1.047s] writing top-level names to examples_rclpy_guard_conditions.egg-info/top_level.txt
[1.047s] writing manifest file 'examples_rclpy_guard_conditions.egg-info/SOURCES.txt'
[1.070s] reading manifest file 'examples_rclpy_guard_conditions.egg-info/SOURCES.txt'
[1.071s] writing manifest file 'examples_rclpy_guard_conditions.egg-info/SOURCES.txt'
[1.083s] running build_ext
[1.083s] Creating /home/richu/colcon_ws/install/examples_rclpy_guard_conditions/lib/python3.12/site-packages/examples-rclpy-guard-conditions.egg-link (link to .)
[1.084s] Installing trigger_guard_condition script to /home/richu/colcon_ws/install/examples_rclpy_guard_conditions/lib/examples_rclpy_guard_conditions
[1.084s] 
[1.084s] Installed /home/richu/colcon_ws/build/examples_rclpy_guard_conditions
[1.085s] running symlink_data
[1.130s] Invoked command in '/home/richu/colcon_ws/build/examples_rclpy_guard_conditions' returned '0': DEBUGINFOD_URLS=https://debuginfod.ubuntu.com PS1=(mavenv) \[\e]0;\u@\h: \w\a\]${debian_chroot:+($debian_chroot)}\[\033[01;32m\]\u@\h\[\033[00m\]:\[\033[01;34m\]\w\[\033[00m\]\$ PYTHONPATH=/home/richu/colcon_ws/build/examples_rclpy_guard_conditions/prefix_override:/home/richu/colcon_ws/install/examples_rclpy_guard_conditions/lib/python3.12/site-packages:${PYTHONPATH} VIRTUAL_ENV_PROMPT=(mavenv) /home/richu/mavenv/bin/python3 -W ignore:setup.py install is deprecated setup.py develop --editable --build-directory /home/richu/colcon_ws/build/examples_rclpy_guard_conditions/build --no-deps symlink_data
