[0.020s] Invoking command in '/home/richu/colcon_ws/build/examples_rclcpp_minimal_timer': CMAKE_PREFIX_PATH=${CMAKE_PREFIX_PATH}:/opt/ros/jazzy DEBUGINFOD_URLS=https://debuginfod.ubuntu.com PS1=(mavenv) \[\e]0;\u@\h: \w\a\]${debian_chroot:+($debian_chroot)}\[\033[01;32m\]\u@\h\[\033[00m\]:\[\033[01;34m\]\w\[\033[00m\]\$ VIRTUAL_ENV_PROMPT=(mavenv) /usr/bin/cmake --build /home/richu/colcon_ws/build/examples_rclcpp_minimal_timer -- -j12 -l12
[0.085s] [ 50%] Built target timer_member_function
[0.086s] [100%] Built target timer_lambda
[0.096s] Invoked command in '/home/richu/colcon_ws/build/examples_rclcpp_minimal_timer' returned '0': CMAKE_PREFIX_PATH=${CMAKE_PREFIX_PATH}:/opt/ros/jazzy DEBUGINFOD_URLS=https://debuginfod.ubuntu.com PS1=(mavenv) \[\e]0;\u@\h: \w\a\]${debian_chroot:+($debian_chroot)}\[\033[01;32m\]\u@\h\[\033[00m\]:\[\033[01;34m\]\w\[\033[00m\]\$ VIRTUAL_ENV_PROMPT=(mavenv) /usr/bin/cmake --build /home/richu/colcon_ws/build/examples_rclcpp_minimal_timer -- -j12 -l12
[0.127s] Invoking command in '/home/richu/colcon_ws/build/examples_rclcpp_minimal_timer': CMAKE_PREFIX_PATH=${CMAKE_PREFIX_PATH}:/opt/ros/jazzy DEBUGINFOD_URLS=https://debuginfod.ubuntu.com PS1=(mavenv) \[\e]0;\u@\h: \w\a\]${debian_chroot:+($debian_chroot)}\[\033[01;32m\]\u@\h\[\033[00m\]:\[\033[01;34m\]\w\[\033[00m\]\$ VIRTUAL_ENV_PROMPT=(mavenv) /usr/bin/cmake --install /home/richu/colcon_ws/build/examples_rclcpp_minimal_timer
[0.139s] -- Install configuration: ""
[0.140s] -- Execute custom install script
[0.140s] -- Up-to-date symlink: /home/richu/colcon_ws/install/examples_rclcpp_minimal_timer/lib/examples_rclcpp_minimal_timer/timer_lambda
[0.140s] -- Up-to-date symlink: /home/richu/colcon_ws/install/examples_rclcpp_minimal_timer/lib/examples_rclcpp_minimal_timer/timer_member_function
[0.140s] -- Up-to-date symlink: /home/richu/colcon_ws/install/examples_rclcpp_minimal_timer/share/ament_index/resource_index/package_run_dependencies/examples_rclcpp_minimal_timer
[0.141s] -- Up-to-date symlink: /home/richu/colcon_ws/install/examples_rclcpp_minimal_timer/share/ament_index/resource_index/parent_prefix_path/examples_rclcpp_minimal_timer
[0.141s] -- Up-to-date symlink: /home/richu/colcon_ws/install/examples_rclcpp_minimal_timer/share/examples_rclcpp_minimal_timer/environment/ament_prefix_path.sh
[0.141s] -- Up-to-date symlink: /home/richu/colcon_ws/install/examples_rclcpp_minimal_timer/share/examples_rclcpp_minimal_timer/environment/ament_prefix_path.dsv
[0.141s] -- Up-to-date symlink: /home/richu/colcon_ws/install/examples_rclcpp_minimal_timer/share/examples_rclcpp_minimal_timer/environment/path.sh
[0.141s] -- Up-to-date symlink: /home/richu/colcon_ws/install/examples_rclcpp_minimal_timer/share/examples_rclcpp_minimal_timer/environment/path.dsv
[0.141s] -- Up-to-date symlink: /home/richu/colcon_ws/install/examples_rclcpp_minimal_timer/share/examples_rclcpp_minimal_timer/local_setup.bash
[0.141s] -- Up-to-date symlink: /home/richu/colcon_ws/install/examples_rclcpp_minimal_timer/share/examples_rclcpp_minimal_timer/local_setup.sh
[0.141s] -- Up-to-date symlink: /home/richu/colcon_ws/install/examples_rclcpp_minimal_timer/share/examples_rclcpp_minimal_timer/local_setup.zsh
[0.141s] -- Up-to-date symlink: /home/richu/colcon_ws/install/examples_rclcpp_minimal_timer/share/examples_rclcpp_minimal_timer/local_setup.dsv
[0.141s] -- Symlinking: /home/richu/colcon_ws/install/examples_rclcpp_minimal_timer/share/examples_rclcpp_minimal_timer/package.dsv
[0.149s] -- Up-to-date symlink: /home/richu/colcon_ws/install/examples_rclcpp_minimal_timer/share/ament_index/resource_index/packages/examples_rclcpp_minimal_timer
[0.149s] -- Up-to-date symlink: /home/richu/colcon_ws/install/examples_rclcpp_minimal_timer/share/examples_rclcpp_minimal_timer/cmake/examples_rclcpp_minimal_timerConfig.cmake
[0.150s] -- Up-to-date symlink: /home/richu/colcon_ws/install/examples_rclcpp_minimal_timer/share/examples_rclcpp_minimal_timer/cmake/examples_rclcpp_minimal_timerConfig-version.cmake
[0.150s] -- Up-to-date symlink: /home/richu/colcon_ws/install/examples_rclcpp_minimal_timer/share/examples_rclcpp_minimal_timer/package.xml
[0.152s] Invoked command in '/home/richu/colcon_ws/build/examples_rclcpp_minimal_timer' returned '0': CMAKE_PREFIX_PATH=${CMAKE_PREFIX_PATH}:/opt/ros/jazzy DEBUGINFOD_URLS=https://debuginfod.ubuntu.com PS1=(mavenv) \[\e]0;\u@\h: \w\a\]${debian_chroot:+($debian_chroot)}\[\033[01;32m\]\u@\h\[\033[00m\]:\[\033[01;34m\]\w\[\033[00m\]\$ VIRTUAL_ENV_PROMPT=(mavenv) /usr/bin/cmake --install /home/richu/colcon_ws/build/examples_rclcpp_minimal_timer
