[0.565s] Invoking command in '/home/richu/colcon_ws/build/examples_rclpy_minimal_action_server': DEBUGINFOD_URLS=https://debuginfod.ubuntu.com PS1=(mavenv) \[\e]0;\u@\h: \w\a\]${debian_chroot:+($debian_chroot)}\[\033[01;32m\]\u@\h\[\033[00m\]:\[\033[01;34m\]\w\[\033[00m\]\$ PYTHONPATH=/home/richu/colcon_ws/build/examples_rclpy_minimal_action_server/prefix_override:/home/richu/colcon_ws/install/examples_rclpy_minimal_action_server/lib/python3.12/site-packages:${PYTHONPATH} VIRTUAL_ENV_PROMPT=(mavenv) /home/richu/mavenv/bin/python3 -W ignore:setup.py install is deprecated setup.py develop --editable --build-directory /home/richu/colcon_ws/build/examples_rclpy_minimal_action_server/build --no-deps symlink_data
[0.778s] running develop
[0.778s] /home/richu/mavenv/lib/python3.12/site-packages/setuptools/command/develop.py:42: EasyInstallDeprecationWarning: easy_install command is deprecated.
[0.778s] !!
[0.778s] 
[0.779s]         ********************************************************************************
[0.779s]         Please avoid running ``setup.py`` and ``easy_install``.
[0.779s]         Instead, use pypa/build, pypa/installer or other
[0.779s]         standards-based tools.
[0.779s] 
[0.779s]         See https://github.com/pypa/setuptools/issues/917 for details.
[0.779s]         ********************************************************************************
[0.779s] 
[0.779s] !!
[0.779s]   easy_install.initialize_options(self)
[0.884s] running egg_info
[0.884s] creating examples_rclpy_minimal_action_server.egg-info
[0.895s] writing examples_rclpy_minimal_action_server.egg-info/PKG-INFO
[0.895s] writing dependency_links to examples_rclpy_minimal_action_server.egg-info/dependency_links.txt
[0.895s] writing entry points to examples_rclpy_minimal_action_server.egg-info/entry_points.txt
[0.895s] writing requirements to examples_rclpy_minimal_action_server.egg-info/requires.txt
[0.895s] writing top-level names to examples_rclpy_minimal_action_server.egg-info/top_level.txt
[0.895s] writing manifest file 'examples_rclpy_minimal_action_server.egg-info/SOURCES.txt'
[0.920s] reading manifest file 'examples_rclpy_minimal_action_server.egg-info/SOURCES.txt'
[0.920s] writing manifest file 'examples_rclpy_minimal_action_server.egg-info/SOURCES.txt'
[0.932s] running build_ext
[0.932s] Creating /home/richu/colcon_ws/install/examples_rclpy_minimal_action_server/lib/python3.12/site-packages/examples-rclpy-minimal-action-server.egg-link (link to .)
[0.933s] Installing server script to /home/richu/colcon_ws/install/examples_rclpy_minimal_action_server/lib/examples_rclpy_minimal_action_server
[0.933s] Installing server_defer script to /home/richu/colcon_ws/install/examples_rclpy_minimal_action_server/lib/examples_rclpy_minimal_action_server
[0.933s] Installing server_not_composable script to /home/richu/colcon_ws/install/examples_rclpy_minimal_action_server/lib/examples_rclpy_minimal_action_server
[0.933s] Installing server_queue_goals script to /home/richu/colcon_ws/install/examples_rclpy_minimal_action_server/lib/examples_rclpy_minimal_action_server
[0.933s] Installing server_single_goal script to /home/richu/colcon_ws/install/examples_rclpy_minimal_action_server/lib/examples_rclpy_minimal_action_server
[0.933s] 
[0.933s] Installed /home/richu/colcon_ws/build/examples_rclpy_minimal_action_server
[0.934s] running symlink_data
[0.934s] creating /home/richu/colcon_ws/install/examples_rclpy_minimal_action_server/share/ament_index
[0.934s] creating /home/richu/colcon_ws/install/examples_rclpy_minimal_action_server/share/ament_index/resource_index
[0.934s] creating /home/richu/colcon_ws/install/examples_rclpy_minimal_action_server/share/ament_index/resource_index/packages
[0.934s] symbolically linking /home/richu/colcon_ws/build/examples_rclpy_minimal_action_server/resource/examples_rclpy_minimal_action_server -> /home/richu/colcon_ws/install/examples_rclpy_minimal_action_server/share/ament_index/resource_index/packages
[0.934s] symbolically linking /home/richu/colcon_ws/build/examples_rclpy_minimal_action_server/package.xml -> /home/richu/colcon_ws/install/examples_rclpy_minimal_action_server/share/examples_rclpy_minimal_action_server
[1.070s] Invoked command in '/home/richu/colcon_ws/build/examples_rclpy_minimal_action_server' returned '0': DEBUGINFOD_URLS=https://debuginfod.ubuntu.com PS1=(mavenv) \[\e]0;\u@\h: \w\a\]${debian_chroot:+($debian_chroot)}\[\033[01;32m\]\u@\h\[\033[00m\]:\[\033[01;34m\]\w\[\033[00m\]\$ PYTHONPATH=/home/richu/colcon_ws/build/examples_rclpy_minimal_action_server/prefix_override:/home/richu/colcon_ws/install/examples_rclpy_minimal_action_server/lib/python3.12/site-packages:${PYTHONPATH} VIRTUAL_ENV_PROMPT=(mavenv) /home/richu/mavenv/bin/python3 -W ignore:setup.py install is deprecated setup.py develop --editable --build-directory /home/richu/colcon_ws/build/examples_rclpy_minimal_action_server/build --no-deps symlink_data
