[0.009s] Invoking command in '/home/richu/colcon_ws/build/examples_rclcpp_cbg_executor': CMAKE_PREFIX_PATH=${CMAKE_PREFIX_PATH}:/opt/ros/jazzy DEBUGINFOD_URLS=https://debuginfod.ubuntu.com /usr/bin/cmake --build /home/richu/colcon_ws/build/examples_rclcpp_cbg_executor -- -j12 -l12
[0.091s] [ 20%] [32mBuilding CXX object CMakeFiles/pong.dir/src/examples_rclcpp_cbg_executor/pong_node.cpp.o[0m
[0.091s] [ 20%] [32mBuilding CXX object CMakeFiles/ping_pong.dir/src/ping_pong.cpp.o[0m
[0.091s] [ 40%] [32mBuilding CXX object CMakeFiles/pong.dir/src/pong.cpp.o[0m
[0.091s] [ 40%] [32mBuilding CXX object CMakeFiles/ping.dir/src/ping.cpp.o[0m
[0.091s] [ 60%] [32mBuilding CXX object CMakeFiles/ping_pong.dir/src/examples_rclcpp_cbg_executor/ping_node.cpp.o[0m
[0.091s] [ 60%] [32mBuilding CXX object CMakeFiles/ping_pong.dir/src/examples_rclcpp_cbg_executor/pong_node.cpp.o[0m
[0.091s] [ 70%] [32mBuilding CXX object CMakeFiles/ping.dir/src/examples_rclcpp_cbg_executor/ping_node.cpp.o[0m
[8.841s] [ 80%] [32m[1mLinking CXX executable pong[0m
[9.260s] [ 80%] Built target pong
[9.468s] [ 90%] [32m[1mLinking CXX executable ping[0m
[9.757s] [ 90%] Built target ping
[10.924s] [100%] [32m[1mLinking CXX executable ping_pong[0m
[11.193s] [100%] Built target ping_pong
[11.202s] Invoked command in '/home/richu/colcon_ws/build/examples_rclcpp_cbg_executor' returned '0': CMAKE_PREFIX_PATH=${CMAKE_PREFIX_PATH}:/opt/ros/jazzy DEBUGINFOD_URLS=https://debuginfod.ubuntu.com /usr/bin/cmake --build /home/richu/colcon_ws/build/examples_rclcpp_cbg_executor -- -j12 -l12
[11.230s] Invoking command in '/home/richu/colcon_ws/build/examples_rclcpp_cbg_executor': CMAKE_PREFIX_PATH=${CMAKE_PREFIX_PATH}:/opt/ros/jazzy DEBUGINFOD_URLS=https://debuginfod.ubuntu.com /usr/bin/cmake --install /home/richu/colcon_ws/build/examples_rclcpp_cbg_executor
[11.237s] -- Install configuration: ""
[11.237s] -- Execute custom install script
[11.237s] -- Symlinking: /home/richu/colcon_ws/install/examples_rclcpp_cbg_executor/lib/examples_rclcpp_cbg_executor/ping
[11.245s] -- Symlinking: /home/richu/colcon_ws/install/examples_rclcpp_cbg_executor/lib/examples_rclcpp_cbg_executor/pong
[11.251s] -- Symlinking: /home/richu/colcon_ws/install/examples_rclcpp_cbg_executor/lib/examples_rclcpp_cbg_executor/ping_pong
[11.259s] -- Symlinking: /home/richu/colcon_ws/install/examples_rclcpp_cbg_executor/include/examples_rclcpp_cbg_executor/ping_node.hpp
[11.267s] -- Symlinking: /home/richu/colcon_ws/install/examples_rclcpp_cbg_executor/include/examples_rclcpp_cbg_executor/pong_node.hpp
[11.274s] -- Symlinking: /home/richu/colcon_ws/install/examples_rclcpp_cbg_executor/share/ament_index/resource_index/package_run_dependencies/examples_rclcpp_cbg_executor
[11.282s] -- Symlinking: /home/richu/colcon_ws/install/examples_rclcpp_cbg_executor/share/ament_index/resource_index/parent_prefix_path/examples_rclcpp_cbg_executor
[11.290s] -- Symlinking: /home/richu/colcon_ws/install/examples_rclcpp_cbg_executor/share/examples_rclcpp_cbg_executor/environment/ament_prefix_path.sh
[11.298s] -- Symlinking: /home/richu/colcon_ws/install/examples_rclcpp_cbg_executor/share/examples_rclcpp_cbg_executor/environment/ament_prefix_path.dsv
[11.305s] -- Symlinking: /home/richu/colcon_ws/install/examples_rclcpp_cbg_executor/share/examples_rclcpp_cbg_executor/environment/path.sh
[11.314s] -- Symlinking: /home/richu/colcon_ws/install/examples_rclcpp_cbg_executor/share/examples_rclcpp_cbg_executor/environment/path.dsv
[11.321s] -- Symlinking: /home/richu/colcon_ws/install/examples_rclcpp_cbg_executor/share/examples_rclcpp_cbg_executor/local_setup.bash
[11.329s] -- Symlinking: /home/richu/colcon_ws/install/examples_rclcpp_cbg_executor/share/examples_rclcpp_cbg_executor/local_setup.sh
[11.337s] -- Symlinking: /home/richu/colcon_ws/install/examples_rclcpp_cbg_executor/share/examples_rclcpp_cbg_executor/local_setup.zsh
[11.345s] -- Symlinking: /home/richu/colcon_ws/install/examples_rclcpp_cbg_executor/share/examples_rclcpp_cbg_executor/local_setup.dsv
[11.352s] -- Symlinking: /home/richu/colcon_ws/install/examples_rclcpp_cbg_executor/share/examples_rclcpp_cbg_executor/package.dsv
[11.360s] -- Symlinking: /home/richu/colcon_ws/install/examples_rclcpp_cbg_executor/share/ament_index/resource_index/packages/examples_rclcpp_cbg_executor
[11.367s] -- Symlinking: /home/richu/colcon_ws/install/examples_rclcpp_cbg_executor/share/examples_rclcpp_cbg_executor/cmake/ament_cmake_export_dependencies-extras.cmake
[11.375s] -- Symlinking: /home/richu/colcon_ws/install/examples_rclcpp_cbg_executor/share/examples_rclcpp_cbg_executor/cmake/examples_rclcpp_cbg_executorConfig.cmake
[11.383s] -- Symlinking: /home/richu/colcon_ws/install/examples_rclcpp_cbg_executor/share/examples_rclcpp_cbg_executor/cmake/examples_rclcpp_cbg_executorConfig-version.cmake
[11.390s] -- Symlinking: /home/richu/colcon_ws/install/examples_rclcpp_cbg_executor/share/examples_rclcpp_cbg_executor/package.xml
[11.399s] Invoked command in '/home/richu/colcon_ws/build/examples_rclcpp_cbg_executor' returned '0': CMAKE_PREFIX_PATH=${CMAKE_PREFIX_PATH}:/opt/ros/jazzy DEBUGINFOD_URLS=https://debuginfod.ubuntu.com /usr/bin/cmake --install /home/richu/colcon_ws/build/examples_rclcpp_cbg_executor
