[0.704s] Invoking command in '/home/richu/colcon_ws/build/examples_rclpy_minimal_publisher': DEBUGINFOD_URLS=https://debuginfod.ubuntu.com PS1=(mavenv) \[\e]0;\u@\h: \w\a\]${debian_chroot:+($debian_chroot)}\[\033[01;32m\]\u@\h\[\033[00m\]:\[\033[01;34m\]\w\[\033[00m\]\$ PYTHONPATH=/home/richu/colcon_ws/build/examples_rclpy_minimal_publisher/prefix_override:/home/richu/colcon_ws/install/examples_rclpy_minimal_publisher/lib/python3.12/site-packages:${PYTHONPATH} VIRTUAL_ENV_PROMPT=(mavenv) /home/richu/mavenv/bin/python3 -W ignore:setup.py install is deprecated setup.py develop --editable --build-directory /home/richu/colcon_ws/build/examples_rclpy_minimal_publisher/build --no-deps symlink_data
[0.925s] running develop
[0.925s] /home/richu/mavenv/lib/python3.12/site-packages/setuptools/command/develop.py:42: EasyInstallDeprecationWarning: easy_install command is deprecated.
[0.925s] !!
[0.926s] 
[0.926s]         ********************************************************************************
[0.926s]         Please avoid running ``setup.py`` and ``easy_install``.
[0.926s]         Instead, use pypa/build, pypa/installer or other
[0.926s]         standards-based tools.
[0.926s] 
[0.926s]         See https://github.com/pypa/setuptools/issues/917 for details.
[0.926s]         ********************************************************************************
[0.926s] 
[0.926s] !!
[0.926s]   easy_install.initialize_options(self)
[1.034s] running egg_info
[1.034s] creating examples_rclpy_minimal_publisher.egg-info
[1.045s] writing examples_rclpy_minimal_publisher.egg-info/PKG-INFO
[1.045s] writing dependency_links to examples_rclpy_minimal_publisher.egg-info/dependency_links.txt
[1.046s] writing entry points to examples_rclpy_minimal_publisher.egg-info/entry_points.txt
[1.046s] writing requirements to examples_rclpy_minimal_publisher.egg-info/requires.txt
[1.046s] writing top-level names to examples_rclpy_minimal_publisher.egg-info/top_level.txt
[1.046s] writing manifest file 'examples_rclpy_minimal_publisher.egg-info/SOURCES.txt'
[1.072s] reading manifest file 'examples_rclpy_minimal_publisher.egg-info/SOURCES.txt'
[1.073s] writing manifest file 'examples_rclpy_minimal_publisher.egg-info/SOURCES.txt'
[1.085s] running build_ext
[1.085s] Creating /home/richu/colcon_ws/install/examples_rclpy_minimal_publisher/lib/python3.12/site-packages/examples-rclpy-minimal-publisher.egg-link (link to .)
[1.086s] Installing publisher_local_function script to /home/richu/colcon_ws/install/examples_rclpy_minimal_publisher/lib/examples_rclpy_minimal_publisher
[1.086s] Installing publisher_member_function script to /home/richu/colcon_ws/install/examples_rclpy_minimal_publisher/lib/examples_rclpy_minimal_publisher
[1.086s] Installing publisher_old_school script to /home/richu/colcon_ws/install/examples_rclpy_minimal_publisher/lib/examples_rclpy_minimal_publisher
[1.086s] 
[1.086s] Installed /home/richu/colcon_ws/build/examples_rclpy_minimal_publisher
[1.086s] running symlink_data
[1.086s] creating /home/richu/colcon_ws/install/examples_rclpy_minimal_publisher/share/ament_index
[1.087s] creating /home/richu/colcon_ws/install/examples_rclpy_minimal_publisher/share/ament_index/resource_index
[1.087s] creating /home/richu/colcon_ws/install/examples_rclpy_minimal_publisher/share/ament_index/resource_index/packages
[1.087s] symbolically linking /home/richu/colcon_ws/build/examples_rclpy_minimal_publisher/resource/examples_rclpy_minimal_publisher -> /home/richu/colcon_ws/install/examples_rclpy_minimal_publisher/share/ament_index/resource_index/packages
[1.087s] symbolically linking /home/richu/colcon_ws/build/examples_rclpy_minimal_publisher/package.xml -> /home/richu/colcon_ws/install/examples_rclpy_minimal_publisher/share/examples_rclpy_minimal_publisher
[1.128s] Invoked command in '/home/richu/colcon_ws/build/examples_rclpy_minimal_publisher' returned '0': DEBUGINFOD_URLS=https://debuginfod.ubuntu.com PS1=(mavenv) \[\e]0;\u@\h: \w\a\]${debian_chroot:+($debian_chroot)}\[\033[01;32m\]\u@\h\[\033[00m\]:\[\033[01;34m\]\w\[\033[00m\]\$ PYTHONPATH=/home/richu/colcon_ws/build/examples_rclpy_minimal_publisher/prefix_override:/home/richu/colcon_ws/install/examples_rclpy_minimal_publisher/lib/python3.12/site-packages:${PYTHONPATH} VIRTUAL_ENV_PROMPT=(mavenv) /home/richu/mavenv/bin/python3 -W ignore:setup.py install is deprecated setup.py develop --editable --build-directory /home/richu/colcon_ws/build/examples_rclpy_minimal_publisher/build --no-deps symlink_data
