[0.014s] Invoking command in '/home/richu/colcon_ws/build/examples_rclcpp_minimal_publisher': CMAKE_PREFIX_PATH=${CMAKE_PREFIX_PATH}:/opt/ros/jazzy DEBUGINFOD_URLS=https://debuginfod.ubuntu.com PS1=(mavenv) \[\e]0;\u@\h: \w\a\]${debian_chroot:+($debian_chroot)}\[\033[01;32m\]\u@\h\[\033[00m\]:\[\033[01;34m\]\w\[\033[00m\]\$ VIRTUAL_ENV_PROMPT=(mavenv) /usr/bin/cmake --build /home/richu/colcon_ws/build/examples_rclcpp_minimal_publisher -- -j12 -l12
[0.073s] [ 33%] Built target publisher_not_composable
[0.073s] [ 33%] Built target publisher_member_function_with_unique_network_flow_endpoints
[0.073s] [ 58%] Built target publisher_member_function_with_type_adapter
[0.073s] [ 66%] Built target publisher_member_function
[0.073s] [ 83%] Built target publisher_lambda
[0.074s] [100%] Built target publisher_wait_for_all_acked
[0.085s] Invoked command in '/home/richu/colcon_ws/build/examples_rclcpp_minimal_publisher' returned '0': CMAKE_PREFIX_PATH=${CMAKE_PREFIX_PATH}:/opt/ros/jazzy DEBUGINFOD_URLS=https://debuginfod.ubuntu.com PS1=(mavenv) \[\e]0;\u@\h: \w\a\]${debian_chroot:+($debian_chroot)}\[\033[01;32m\]\u@\h\[\033[00m\]:\[\033[01;34m\]\w\[\033[00m\]\$ VIRTUAL_ENV_PROMPT=(mavenv) /usr/bin/cmake --build /home/richu/colcon_ws/build/examples_rclcpp_minimal_publisher -- -j12 -l12
[0.118s] Invoking command in '/home/richu/colcon_ws/build/examples_rclcpp_minimal_publisher': CMAKE_PREFIX_PATH=${CMAKE_PREFIX_PATH}:/opt/ros/jazzy DEBUGINFOD_URLS=https://debuginfod.ubuntu.com PS1=(mavenv) \[\e]0;\u@\h: \w\a\]${debian_chroot:+($debian_chroot)}\[\033[01;32m\]\u@\h\[\033[00m\]:\[\033[01;34m\]\w\[\033[00m\]\$ VIRTUAL_ENV_PROMPT=(mavenv) /usr/bin/cmake --install /home/richu/colcon_ws/build/examples_rclcpp_minimal_publisher
[0.124s] -- Install configuration: ""
[0.125s] -- Execute custom install script
[0.125s] -- Up-to-date symlink: /home/richu/colcon_ws/install/examples_rclcpp_minimal_publisher/lib/examples_rclcpp_minimal_publisher/publisher_lambda
[0.126s] -- Up-to-date symlink: /home/richu/colcon_ws/install/examples_rclcpp_minimal_publisher/lib/examples_rclcpp_minimal_publisher/publisher_member_function
[0.126s] -- Up-to-date symlink: /home/richu/colcon_ws/install/examples_rclcpp_minimal_publisher/lib/examples_rclcpp_minimal_publisher/publisher_member_function_with_type_adapter
[0.126s] -- Up-to-date symlink: /home/richu/colcon_ws/install/examples_rclcpp_minimal_publisher/lib/examples_rclcpp_minimal_publisher/publisher_member_function_with_unique_network_flow_endpoints
[0.126s] -- Up-to-date symlink: /home/richu/colcon_ws/install/examples_rclcpp_minimal_publisher/lib/examples_rclcpp_minimal_publisher/publisher_wait_for_all_acked
[0.126s] -- Up-to-date symlink: /home/richu/colcon_ws/install/examples_rclcpp_minimal_publisher/lib/examples_rclcpp_minimal_publisher/publisher_not_composable
[0.127s] -- Up-to-date symlink: /home/richu/colcon_ws/install/examples_rclcpp_minimal_publisher/share/ament_index/resource_index/package_run_dependencies/examples_rclcpp_minimal_publisher
[0.127s] -- Up-to-date symlink: /home/richu/colcon_ws/install/examples_rclcpp_minimal_publisher/share/ament_index/resource_index/parent_prefix_path/examples_rclcpp_minimal_publisher
[0.128s] -- Up-to-date symlink: /home/richu/colcon_ws/install/examples_rclcpp_minimal_publisher/share/examples_rclcpp_minimal_publisher/environment/ament_prefix_path.sh
[0.128s] -- Up-to-date symlink: /home/richu/colcon_ws/install/examples_rclcpp_minimal_publisher/share/examples_rclcpp_minimal_publisher/environment/ament_prefix_path.dsv
[0.128s] -- Up-to-date symlink: /home/richu/colcon_ws/install/examples_rclcpp_minimal_publisher/share/examples_rclcpp_minimal_publisher/environment/path.sh
[0.128s] -- Up-to-date symlink: /home/richu/colcon_ws/install/examples_rclcpp_minimal_publisher/share/examples_rclcpp_minimal_publisher/environment/path.dsv
[0.129s] -- Up-to-date symlink: /home/richu/colcon_ws/install/examples_rclcpp_minimal_publisher/share/examples_rclcpp_minimal_publisher/local_setup.bash
[0.129s] -- Up-to-date symlink: /home/richu/colcon_ws/install/examples_rclcpp_minimal_publisher/share/examples_rclcpp_minimal_publisher/local_setup.sh
[0.129s] -- Up-to-date symlink: /home/richu/colcon_ws/install/examples_rclcpp_minimal_publisher/share/examples_rclcpp_minimal_publisher/local_setup.zsh
[0.129s] -- Up-to-date symlink: /home/richu/colcon_ws/install/examples_rclcpp_minimal_publisher/share/examples_rclcpp_minimal_publisher/local_setup.dsv
[0.129s] -- Symlinking: /home/richu/colcon_ws/install/examples_rclcpp_minimal_publisher/share/examples_rclcpp_minimal_publisher/package.dsv
[0.138s] -- Up-to-date symlink: /home/richu/colcon_ws/install/examples_rclcpp_minimal_publisher/share/ament_index/resource_index/packages/examples_rclcpp_minimal_publisher
[0.138s] -- Up-to-date symlink: /home/richu/colcon_ws/install/examples_rclcpp_minimal_publisher/share/examples_rclcpp_minimal_publisher/cmake/examples_rclcpp_minimal_publisherConfig.cmake
[0.139s] -- Up-to-date symlink: /home/richu/colcon_ws/install/examples_rclcpp_minimal_publisher/share/examples_rclcpp_minimal_publisher/cmake/examples_rclcpp_minimal_publisherConfig-version.cmake
[0.140s] -- Up-to-date symlink: /home/richu/colcon_ws/install/examples_rclcpp_minimal_publisher/share/examples_rclcpp_minimal_publisher/package.xml
[0.144s] Invoked command in '/home/richu/colcon_ws/build/examples_rclcpp_minimal_publisher' returned '0': CMAKE_PREFIX_PATH=${CMAKE_PREFIX_PATH}:/opt/ros/jazzy DEBUGINFOD_URLS=https://debuginfod.ubuntu.com PS1=(mavenv) \[\e]0;\u@\h: \w\a\]${debian_chroot:+($debian_chroot)}\[\033[01;32m\]\u@\h\[\033[00m\]:\[\033[01;34m\]\w\[\033[00m\]\$ VIRTUAL_ENV_PROMPT=(mavenv) /usr/bin/cmake --install /home/richu/colcon_ws/build/examples_rclcpp_minimal_publisher
