[0.705s] Invoking command in '/home/richu/colcon_ws/build/examples_rclpy_minimal_action_client': DEBUGINFOD_URLS=https://debuginfod.ubuntu.com PS1=(mavenv) \[\e]0;\u@\h: \w\a\]${debian_chroot:+($debian_chroot)}\[\033[01;32m\]\u@\h\[\033[00m\]:\[\033[01;34m\]\w\[\033[00m\]\$ PYTHONPATH=/home/richu/colcon_ws/build/examples_rclpy_minimal_action_client/prefix_override:/home/richu/colcon_ws/install/examples_rclpy_minimal_action_client/lib/python3.12/site-packages:${PYTHONPATH} VIRTUAL_ENV_PROMPT=(mavenv) /home/richu/mavenv/bin/python3 -W ignore:setup.py install is deprecated setup.py develop --editable --build-directory /home/richu/colcon_ws/build/examples_rclpy_minimal_action_client/build --no-deps symlink_data
[0.922s] running develop
[0.922s] /home/richu/mavenv/lib/python3.12/site-packages/setuptools/command/develop.py:42: EasyInstallDeprecationWarning: easy_install command is deprecated.
[0.922s] !!
[0.922s] 
[0.922s]         ********************************************************************************
[0.923s]         Please avoid running ``setup.py`` and ``easy_install``.
[0.923s]         Instead, use pypa/build, pypa/installer or other
[0.923s]         standards-based tools.
[0.923s] 
[0.923s]         See https://github.com/pypa/setuptools/issues/917 for details.
[0.923s]         ********************************************************************************
[0.923s] 
[0.923s] !!
[0.923s]   easy_install.initialize_options(self)
[1.030s] running egg_info
[1.030s] creating examples_rclpy_minimal_action_client.egg-info
[1.041s] writing examples_rclpy_minimal_action_client.egg-info/PKG-INFO
[1.041s] writing dependency_links to examples_rclpy_minimal_action_client.egg-info/dependency_links.txt
[1.041s] writing entry points to examples_rclpy_minimal_action_client.egg-info/entry_points.txt
[1.042s] writing requirements to examples_rclpy_minimal_action_client.egg-info/requires.txt
[1.042s] writing top-level names to examples_rclpy_minimal_action_client.egg-info/top_level.txt
[1.042s] writing manifest file 'examples_rclpy_minimal_action_client.egg-info/SOURCES.txt'
[1.065s] reading manifest file 'examples_rclpy_minimal_action_client.egg-info/SOURCES.txt'
[1.065s] writing manifest file 'examples_rclpy_minimal_action_client.egg-info/SOURCES.txt'
[1.077s] running build_ext
[1.077s] Creating /home/richu/colcon_ws/install/examples_rclpy_minimal_action_client/lib/python3.12/site-packages/examples-rclpy-minimal-action-client.egg-link (link to .)
[1.078s] Installing client script to /home/richu/colcon_ws/install/examples_rclpy_minimal_action_client/lib/examples_rclpy_minimal_action_client
[1.078s] Installing client_asyncio script to /home/richu/colcon_ws/install/examples_rclpy_minimal_action_client/lib/examples_rclpy_minimal_action_client
[1.078s] Installing client_cancel script to /home/richu/colcon_ws/install/examples_rclpy_minimal_action_client/lib/examples_rclpy_minimal_action_client
[1.078s] Installing client_not_composable script to /home/richu/colcon_ws/install/examples_rclpy_minimal_action_client/lib/examples_rclpy_minimal_action_client
[1.078s] 
[1.078s] Installed /home/richu/colcon_ws/build/examples_rclpy_minimal_action_client
[1.079s] running symlink_data
[1.079s] creating /home/richu/colcon_ws/install/examples_rclpy_minimal_action_client/share/ament_index
[1.079s] creating /home/richu/colcon_ws/install/examples_rclpy_minimal_action_client/share/ament_index/resource_index
[1.079s] creating /home/richu/colcon_ws/install/examples_rclpy_minimal_action_client/share/ament_index/resource_index/packages
[1.079s] symbolically linking /home/richu/colcon_ws/build/examples_rclpy_minimal_action_client/resource/examples_rclpy_minimal_action_client -> /home/richu/colcon_ws/install/examples_rclpy_minimal_action_client/share/ament_index/resource_index/packages
[1.079s] symbolically linking /home/richu/colcon_ws/build/examples_rclpy_minimal_action_client/package.xml -> /home/richu/colcon_ws/install/examples_rclpy_minimal_action_client/share/examples_rclpy_minimal_action_client
[1.112s] Invoked command in '/home/richu/colcon_ws/build/examples_rclpy_minimal_action_client' returned '0': DEBUGINFOD_URLS=https://debuginfod.ubuntu.com PS1=(mavenv) \[\e]0;\u@\h: \w\a\]${debian_chroot:+($debian_chroot)}\[\033[01;32m\]\u@\h\[\033[00m\]:\[\033[01;34m\]\w\[\033[00m\]\$ PYTHONPATH=/home/richu/colcon_ws/build/examples_rclpy_minimal_action_client/prefix_override:/home/richu/colcon_ws/install/examples_rclpy_minimal_action_client/lib/python3.12/site-packages:${PYTHONPATH} VIRTUAL_ENV_PROMPT=(mavenv) /home/richu/mavenv/bin/python3 -W ignore:setup.py install is deprecated setup.py develop --editable --build-directory /home/richu/colcon_ws/build/examples_rclpy_minimal_action_client/build --no-deps symlink_data
