[0.544s] Invoking command in '/home/richu/colcon_ws/build/examples_rclpy_executors': DEBUGINFOD_URLS=https://debuginfod.ubuntu.com PS1=(mavenv) \[\e]0;\u@\h: \w\a\]${debian_chroot:+($debian_chroot)}\[\033[01;32m\]\u@\h\[\033[00m\]:\[\033[01;34m\]\w\[\033[00m\]\$ PYTHONPATH=/home/richu/colcon_ws/build/examples_rclpy_executors/prefix_override:/home/richu/colcon_ws/install/examples_rclpy_executors/lib/python3.12/site-packages:${PYTHONPATH} VIRTUAL_ENV_PROMPT=(mavenv) /home/richu/mavenv/bin/python3 -W ignore:setup.py install is deprecated setup.py develop --editable --build-directory /home/richu/colcon_ws/build/examples_rclpy_executors/build --no-deps symlink_data
[0.758s] running develop
[0.758s] /home/richu/mavenv/lib/python3.12/site-packages/setuptools/command/develop.py:42: EasyInstallDeprecationWarning: easy_install command is deprecated.
[0.758s] !!
[0.758s] 
[0.758s]         ********************************************************************************
[0.758s]         Please avoid running ``setup.py`` and ``easy_install``.
[0.758s]         Instead, use pypa/build, pypa/installer or other
[0.758s]         standards-based tools.
[0.758s] 
[0.758s]         See https://github.com/pypa/setuptools/issues/917 for details.
[0.758s]         ********************************************************************************
[0.758s] 
[0.758s] !!
[0.758s]   easy_install.initialize_options(self)
[0.865s] running egg_info
[0.865s] creating examples_rclpy_executors.egg-info
[0.877s] writing examples_rclpy_executors.egg-info/PKG-INFO
[0.877s] writing dependency_links to examples_rclpy_executors.egg-info/dependency_links.txt
[0.877s] writing entry points to examples_rclpy_executors.egg-info/entry_points.txt
[0.878s] writing requirements to examples_rclpy_executors.egg-info/requires.txt
[0.878s] writing top-level names to examples_rclpy_executors.egg-info/top_level.txt
[0.878s] writing manifest file 'examples_rclpy_executors.egg-info/SOURCES.txt'
[0.905s] reading manifest file 'examples_rclpy_executors.egg-info/SOURCES.txt'
[0.905s] writing manifest file 'examples_rclpy_executors.egg-info/SOURCES.txt'
[0.918s] running build_ext
[0.918s] Creating /home/richu/colcon_ws/install/examples_rclpy_executors/lib/python3.12/site-packages/examples-rclpy-executors.egg-link (link to .)
[0.918s] Installing callback_group script to /home/richu/colcon_ws/install/examples_rclpy_executors/lib/examples_rclpy_executors
[0.918s] Installing composed script to /home/richu/colcon_ws/install/examples_rclpy_executors/lib/examples_rclpy_executors
[0.919s] Installing custom_callback_group script to /home/richu/colcon_ws/install/examples_rclpy_executors/lib/examples_rclpy_executors
[0.919s] Installing custom_executor script to /home/richu/colcon_ws/install/examples_rclpy_executors/lib/examples_rclpy_executors
[0.919s] Installing listener script to /home/richu/colcon_ws/install/examples_rclpy_executors/lib/examples_rclpy_executors
[0.919s] Installing talker script to /home/richu/colcon_ws/install/examples_rclpy_executors/lib/examples_rclpy_executors
[0.919s] 
[0.919s] Installed /home/richu/colcon_ws/build/examples_rclpy_executors
[0.919s] running symlink_data
[0.949s] Invoked command in '/home/richu/colcon_ws/build/examples_rclpy_executors' returned '0': DEBUGINFOD_URLS=https://debuginfod.ubuntu.com PS1=(mavenv) \[\e]0;\u@\h: \w\a\]${debian_chroot:+($debian_chroot)}\[\033[01;32m\]\u@\h\[\033[00m\]:\[\033[01;34m\]\w\[\033[00m\]\$ PYTHONPATH=/home/richu/colcon_ws/build/examples_rclpy_executors/prefix_override:/home/richu/colcon_ws/install/examples_rclpy_executors/lib/python3.12/site-packages:${PYTHONPATH} VIRTUAL_ENV_PROMPT=(mavenv) /home/richu/mavenv/bin/python3 -W ignore:setup.py install is deprecated setup.py develop --editable --build-directory /home/richu/colcon_ws/build/examples_rclpy_executors/build --no-deps symlink_data
