[0.679s] Invoking command in '/home/richu/colcon_ws/build/examples_rclpy_minimal_client': DEBUGINFOD_URLS=https://debuginfod.ubuntu.com PS1=(mavenv) \[\e]0;\u@\h: \w\a\]${debian_chroot:+($debian_chroot)}\[\033[01;32m\]\u@\h\[\033[00m\]:\[\033[01;34m\]\w\[\033[00m\]\$ PYTHONPATH=/home/richu/colcon_ws/build/examples_rclpy_minimal_client/prefix_override:/home/richu/colcon_ws/install/examples_rclpy_minimal_client/lib/python3.12/site-packages:${PYTHONPATH} VIRTUAL_ENV_PROMPT=(mavenv) /home/richu/mavenv/bin/python3 -W ignore:setup.py install is deprecated setup.py develop --editable --build-directory /home/richu/colcon_ws/build/examples_rclpy_minimal_client/build --no-deps symlink_data
[0.893s] running develop
[0.893s] /home/richu/mavenv/lib/python3.12/site-packages/setuptools/command/develop.py:42: EasyInstallDeprecationWarning: easy_install command is deprecated.
[0.893s] !!
[0.893s] 
[0.893s]         ********************************************************************************
[0.893s]         Please avoid running ``setup.py`` and ``easy_install``.
[0.893s]         Instead, use pypa/build, pypa/installer or other
[0.893s]         standards-based tools.
[0.893s] 
[0.893s]         See https://github.com/pypa/setuptools/issues/917 for details.
[0.893s]         ********************************************************************************
[0.893s] 
[0.893s] !!
[0.893s]   easy_install.initialize_options(self)
[0.999s] running egg_info
[1.000s] creating examples_rclpy_minimal_client.egg-info
[1.010s] writing examples_rclpy_minimal_client.egg-info/PKG-INFO
[1.011s] writing dependency_links to examples_rclpy_minimal_client.egg-info/dependency_links.txt
[1.011s] writing entry points to examples_rclpy_minimal_client.egg-info/entry_points.txt
[1.011s] writing requirements to examples_rclpy_minimal_client.egg-info/requires.txt
[1.011s] writing top-level names to examples_rclpy_minimal_client.egg-info/top_level.txt
[1.011s] writing manifest file 'examples_rclpy_minimal_client.egg-info/SOURCES.txt'
[1.040s] reading manifest file 'examples_rclpy_minimal_client.egg-info/SOURCES.txt'
[1.040s] writing manifest file 'examples_rclpy_minimal_client.egg-info/SOURCES.txt'
[1.053s] running build_ext
[1.053s] Creating /home/richu/colcon_ws/install/examples_rclpy_minimal_client/lib/python3.12/site-packages/examples-rclpy-minimal-client.egg-link (link to .)
[1.053s] Installing client script to /home/richu/colcon_ws/install/examples_rclpy_minimal_client/lib/examples_rclpy_minimal_client
[1.054s] Installing client_async script to /home/richu/colcon_ws/install/examples_rclpy_minimal_client/lib/examples_rclpy_minimal_client
[1.054s] Installing client_async_callback script to /home/richu/colcon_ws/install/examples_rclpy_minimal_client/lib/examples_rclpy_minimal_client
[1.054s] Installing client_async_member_function script to /home/richu/colcon_ws/install/examples_rclpy_minimal_client/lib/examples_rclpy_minimal_client
[1.054s] 
[1.054s] Installed /home/richu/colcon_ws/build/examples_rclpy_minimal_client
[1.054s] running symlink_data
[1.054s] creating /home/richu/colcon_ws/install/examples_rclpy_minimal_client/share/ament_index
[1.054s] creating /home/richu/colcon_ws/install/examples_rclpy_minimal_client/share/ament_index/resource_index
[1.054s] creating /home/richu/colcon_ws/install/examples_rclpy_minimal_client/share/ament_index/resource_index/packages
[1.054s] symbolically linking /home/richu/colcon_ws/build/examples_rclpy_minimal_client/resource/examples_rclpy_minimal_client -> /home/richu/colcon_ws/install/examples_rclpy_minimal_client/share/ament_index/resource_index/packages
[1.055s] symbolically linking /home/richu/colcon_ws/build/examples_rclpy_minimal_client/package.xml -> /home/richu/colcon_ws/install/examples_rclpy_minimal_client/share/examples_rclpy_minimal_client
[1.086s] Invoked command in '/home/richu/colcon_ws/build/examples_rclpy_minimal_client' returned '0': DEBUGINFOD_URLS=https://debuginfod.ubuntu.com PS1=(mavenv) \[\e]0;\u@\h: \w\a\]${debian_chroot:+($debian_chroot)}\[\033[01;32m\]\u@\h\[\033[00m\]:\[\033[01;34m\]\w\[\033[00m\]\$ PYTHONPATH=/home/richu/colcon_ws/build/examples_rclpy_minimal_client/prefix_override:/home/richu/colcon_ws/install/examples_rclpy_minimal_client/lib/python3.12/site-packages:${PYTHONPATH} VIRTUAL_ENV_PROMPT=(mavenv) /home/richu/mavenv/bin/python3 -W ignore:setup.py install is deprecated setup.py develop --editable --build-directory /home/richu/colcon_ws/build/examples_rclpy_minimal_client/build --no-deps symlink_data
