[0.018s] Invoking command in '/home/richu/colcon_ws/build/examples_rclcpp_async_client': CMAKE_PREFIX_PATH=${CMAKE_PREFIX_PATH}:/opt/ros/jazzy DEBUGINFOD_URLS=https://debuginfod.ubuntu.com PS1=(mavenv) \[\e]0;\u@\h: \w\a\]${debian_chroot:+($debian_chroot)}\[\033[01;32m\]\u@\h\[\033[00m\]:\[\033[01;34m\]\w\[\033[00m\]\$ VIRTUAL_ENV_PROMPT=(mavenv) /usr/bin/cmake --build /home/richu/colcon_ws/build/examples_rclcpp_async_client -- -j12 -l12
[0.081s] [100%] Built target client_main
[0.092s] Invoked command in '/home/richu/colcon_ws/build/examples_rclcpp_async_client' returned '0': CMAKE_PREFIX_PATH=${CMAKE_PREFIX_PATH}:/opt/ros/jazzy DEBUGINFOD_URLS=https://debuginfod.ubuntu.com PS1=(mavenv) \[\e]0;\u@\h: \w\a\]${debian_chroot:+($debian_chroot)}\[\033[01;32m\]\u@\h\[\033[00m\]:\[\033[01;34m\]\w\[\033[00m\]\$ VIRTUAL_ENV_PROMPT=(mavenv) /usr/bin/cmake --build /home/richu/colcon_ws/build/examples_rclcpp_async_client -- -j12 -l12
[0.121s] Invoking command in '/home/richu/colcon_ws/build/examples_rclcpp_async_client': CMAKE_PREFIX_PATH=${CMAKE_PREFIX_PATH}:/opt/ros/jazzy DEBUGINFOD_URLS=https://debuginfod.ubuntu.com PS1=(mavenv) \[\e]0;\u@\h: \w\a\]${debian_chroot:+($debian_chroot)}\[\033[01;32m\]\u@\h\[\033[00m\]:\[\033[01;34m\]\w\[\033[00m\]\$ VIRTUAL_ENV_PROMPT=(mavenv) /usr/bin/cmake --install /home/richu/colcon_ws/build/examples_rclcpp_async_client
[0.128s] -- Install configuration: ""
[0.128s] -- Execute custom install script
[0.129s] -- Up-to-date symlink: /home/richu/colcon_ws/install/examples_rclcpp_async_client/lib/examples_rclcpp_async_client/client_main
[0.130s] -- Up-to-date symlink: /home/richu/colcon_ws/install/examples_rclcpp_async_client/share/ament_index/resource_index/package_run_dependencies/examples_rclcpp_async_client
[0.130s] -- Up-to-date symlink: /home/richu/colcon_ws/install/examples_rclcpp_async_client/share/ament_index/resource_index/parent_prefix_path/examples_rclcpp_async_client
[0.130s] -- Up-to-date symlink: /home/richu/colcon_ws/install/examples_rclcpp_async_client/share/examples_rclcpp_async_client/environment/ament_prefix_path.sh
[0.131s] -- Up-to-date symlink: /home/richu/colcon_ws/install/examples_rclcpp_async_client/share/examples_rclcpp_async_client/environment/ament_prefix_path.dsv
[0.131s] -- Up-to-date symlink: /home/richu/colcon_ws/install/examples_rclcpp_async_client/share/examples_rclcpp_async_client/environment/path.sh
[0.131s] -- Up-to-date symlink: /home/richu/colcon_ws/install/examples_rclcpp_async_client/share/examples_rclcpp_async_client/environment/path.dsv
[0.131s] -- Up-to-date symlink: /home/richu/colcon_ws/install/examples_rclcpp_async_client/share/examples_rclcpp_async_client/local_setup.bash
[0.131s] -- Up-to-date symlink: /home/richu/colcon_ws/install/examples_rclcpp_async_client/share/examples_rclcpp_async_client/local_setup.sh
[0.132s] -- Up-to-date symlink: /home/richu/colcon_ws/install/examples_rclcpp_async_client/share/examples_rclcpp_async_client/local_setup.zsh
[0.132s] -- Up-to-date symlink: /home/richu/colcon_ws/install/examples_rclcpp_async_client/share/examples_rclcpp_async_client/local_setup.dsv
[0.132s] -- Symlinking: /home/richu/colcon_ws/install/examples_rclcpp_async_client/share/examples_rclcpp_async_client/package.dsv
[0.141s] -- Up-to-date symlink: /home/richu/colcon_ws/install/examples_rclcpp_async_client/share/ament_index/resource_index/packages/examples_rclcpp_async_client
[0.141s] -- Up-to-date symlink: /home/richu/colcon_ws/install/examples_rclcpp_async_client/share/examples_rclcpp_async_client/cmake/examples_rclcpp_async_clientConfig.cmake
[0.141s] -- Up-to-date symlink: /home/richu/colcon_ws/install/examples_rclcpp_async_client/share/examples_rclcpp_async_client/cmake/examples_rclcpp_async_clientConfig-version.cmake
[0.142s] -- Up-to-date symlink: /home/richu/colcon_ws/install/examples_rclcpp_async_client/share/examples_rclcpp_async_client/package.xml
[0.143s] Invoked command in '/home/richu/colcon_ws/build/examples_rclcpp_async_client' returned '0': CMAKE_PREFIX_PATH=${CMAKE_PREFIX_PATH}:/opt/ros/jazzy DEBUGINFOD_URLS=https://debuginfod.ubuntu.com PS1=(mavenv) \[\e]0;\u@\h: \w\a\]${debian_chroot:+($debian_chroot)}\[\033[01;32m\]\u@\h\[\033[00m\]:\[\033[01;34m\]\w\[\033[00m\]\$ VIRTUAL_ENV_PROMPT=(mavenv) /usr/bin/cmake --install /home/richu/colcon_ws/build/examples_rclcpp_async_client
